

============================== 2023-03-28 11:01:26.049888 | 4c4ddb99-2a35-4dee-8868-25ee5a21bba9 ==============================
[0m11:01:26.049888 [info ] [MainThread]: Running with dbt=1.4.5
[0m11:01:26.049888 [debug] [MainThread]: running dbt with arguments {'write_json': True, 'use_colors': True, 'printer_width': 80, 'version_check': True, 'partial_parse': True, 'static_parser': True, 'profiles_dir': 'C:\\Users\\Sai Krishna\\.dbt', 'send_anonymous_usage_stats': True, 'quiet': False, 'no_print': False, 'cache_selected_only': False, 'project_name': 'demo_dbt', 'skip_profile_setup': False, 'which': 'init', 'indirect_selection': 'eager'}
[0m11:01:26.049888 [debug] [MainThread]: Tracking: tracking
[0m11:01:26.049888 [debug] [MainThread]: Sending event: {'category': 'dbt', 'action': 'invocation', 'label': 'start', 'context': [<snowplow_tracker.self_describing_json.SelfDescribingJson object at 0x000002076A7D7CC8>, <snowplow_tracker.self_describing_json.SelfDescribingJson object at 0x000002076A7DB488>, <snowplow_tracker.self_describing_json.SelfDescribingJson object at 0x000002076A809108>]}
[0m11:01:26.058044 [debug] [MainThread]: Starter project path: C:\Users\Sai Krishna\anaconda3\envs\learndbt\lib\site-packages\dbt\include\starter_project
[0m11:11:33.955566 [info ] [MainThread]: Profile demo_dbt written to C:\Users\Sai Krishna\.dbt\profiles.yml using target's profile_template.yml and your supplied values. Run 'dbt debug' to validate the connection.
[0m11:11:33.955566 [info ] [MainThread]: 
Your new dbt project "demo_dbt" was created!

For more information on how to configure the profiles.yml file,
please consult the dbt documentation here:

  https://docs.getdbt.com/docs/configure-your-profile

One more thing:

Need help? Don't hesitate to reach out to us via GitHub issues or on Slack:

  https://community.getdbt.com/

Happy modeling!

[0m11:11:33.955566 [debug] [MainThread]: Sending event: {'category': 'dbt', 'action': 'invocation', 'label': 'end', 'context': [<snowplow_tracker.self_describing_json.SelfDescribingJson object at 0x000002076A812648>, <snowplow_tracker.self_describing_json.SelfDescribingJson object at 0x0000020766B6A688>, <snowplow_tracker.self_describing_json.SelfDescribingJson object at 0x000002076A7D7588>]}
[0m11:11:33.955566 [debug] [MainThread]: Flushing usage events


============================== 2023-03-28 14:22:56.289037 | dbf06bd6-6949-4c8d-81d6-3d9f50c784a9 ==============================
[0m14:22:56.289037 [info ] [MainThread]: Running with dbt=1.4.5
[0m14:22:56.289037 [debug] [MainThread]: running dbt with arguments {'write_json': True, 'use_colors': True, 'printer_width': 80, 'version_check': True, 'partial_parse': True, 'static_parser': True, 'profiles_dir': 'C:\\Users\\Sai Krishna\\.dbt', 'send_anonymous_usage_stats': True, 'quiet': False, 'no_print': False, 'cache_selected_only': False, 'config_dir': False, 'which': 'debug', 'indirect_selection': 'eager'}
[0m14:22:56.289037 [debug] [MainThread]: Tracking: tracking
[0m14:22:56.289037 [debug] [MainThread]: Sending event: {'category': 'dbt', 'action': 'invocation', 'label': 'start', 'context': [<snowplow_tracker.self_describing_json.SelfDescribingJson object at 0x000001F36199A188>, <snowplow_tracker.self_describing_json.SelfDescribingJson object at 0x000001F361966288>, <snowplow_tracker.self_describing_json.SelfDescribingJson object at 0x000001F36195E7C8>]}
[0m14:22:57.622426 [debug] [MainThread]: Executing "git --help"
[0m14:22:57.671602 [debug] [MainThread]: STDOUT: "b"usage: git [-v | --version] [-h | --help] [-C <path>] [-c <name>=<value>]\n           [--exec-path[=<path>]] [--html-path] [--man-path] [--info-path]\n           [-p | --paginate | -P | --no-pager] [--no-replace-objects] [--bare]\n           [--git-dir=<path>] [--work-tree=<path>] [--namespace=<name>]\n           [--super-prefix=<path>] [--config-env=<name>=<envvar>]\n           <command> [<args>]\n\nThese are common Git commands used in various situations:\n\nstart a working area (see also: git help tutorial)\n   clone     Clone a repository into a new directory\n   init      Create an empty Git repository or reinitialize an existing one\n\nwork on the current change (see also: git help everyday)\n   add       Add file contents to the index\n   mv        Move or rename a file, a directory, or a symlink\n   restore   Restore working tree files\n   rm        Remove files from the working tree and from the index\n\nexamine the history and state (see also: git help revisions)\n   bisect    Use binary search to find the commit that introduced a bug\n   diff      Show changes between commits, commit and working tree, etc\n   grep      Print lines matching a pattern\n   log       Show commit logs\n   show      Show various types of objects\n   status    Show the working tree status\n\ngrow, mark and tweak your common history\n   branch    List, create, or delete branches\n   commit    Record changes to the repository\n   merge     Join two or more development histories together\n   rebase    Reapply commits on top of another base tip\n   reset     Reset current HEAD to the specified state\n   switch    Switch branches\n   tag       Create, list, delete or verify a tag object signed with GPG\n\ncollaborate (see also: git help workflows)\n   fetch     Download objects and refs from another repository\n   pull      Fetch from and integrate with another repository or a local branch\n   push      Update remote refs along with associated objects\n\n'git help -a' and 'git help -g' list available subcommands and some\nconcept guides. See 'git help <command>' or 'git help <concept>'\nto read about a specific subcommand or concept.\nSee 'git help git' for an overview of the system.\n""
[0m14:22:57.671602 [debug] [MainThread]: STDERR: "b''"
[0m14:22:57.679701 [debug] [MainThread]: Acquiring new snowflake connection 'debug'
[0m14:22:57.679701 [debug] [MainThread]: Using snowflake connection "debug"
[0m14:22:57.679701 [debug] [MainThread]: On debug: select 1 as id
[0m14:22:57.679701 [debug] [MainThread]: Opening a new connection, currently in state init
[0m14:23:06.671802 [debug] [MainThread]: Snowflake adapter: Error running SQL: select 1 as id
[0m14:23:06.671802 [debug] [MainThread]: Snowflake adapter: Rolling back transaction.
[0m14:23:06.671802 [debug] [MainThread]: On debug: No close available on handle
[0m14:23:06.681227 [debug] [MainThread]: Sending event: {'category': 'dbt', 'action': 'invocation', 'label': 'end', 'context': [<snowplow_tracker.self_describing_json.SelfDescribingJson object at 0x000001F302E07F88>, <snowplow_tracker.self_describing_json.SelfDescribingJson object at 0x000001F302E07B08>, <snowplow_tracker.self_describing_json.SelfDescribingJson object at 0x000001F302E07E48>]}
[0m14:23:06.681766 [debug] [MainThread]: Flushing usage events
[0m14:23:07.651663 [debug] [MainThread]: Connection 'debug' was properly closed.
